<?xml version="1.0" encoding="UTF-8"?>
<!-- Generated by org.testng.reporters.JUnitXMLReporter -->
<testsuite ignored="0" hostname="LAPTOP-TJSOCBU4" failures="1" tests="3" name="Error Validation Test" time="57.22" errors="0" timestamp="2024-10-27T21:03:34 IST">
  <testcase classname="Automation.tests.ErrorValidationsTest" name="ProductErrorValidation" time="22.058"/>
  <testcase classname="Automation.tests.ErrorValidationsTest" name="loginErrorValidation" time="1.407">
    <skipped/>
  </testcase> <!-- loginErrorValidation -->
  <testcase classname="Automation.tests.ErrorValidationsTest" name="loginErrorValidation" time="6.216">
    <failure type="java.lang.AssertionError" message="expected [Incorrect email or password.] but found [Incorrect email  password.]">
      <![CDATA[java.lang.AssertionError: expected [Incorrect email or password.] but found [Incorrect email  password.]
at Automation.tests.ErrorValidationsTest.loginErrorValidation(ErrorValidationsTest.java:34)
at java.base/java.util.ArrayList.forEach(ArrayList.java:1511)
at java.base/java.util.concurrent.FutureTask.run(FutureTask.java:264)
at java.base/java.util.concurrent.ThreadPoolExecutor.runWorker(ThreadPoolExecutor.java:1136)
at java.base/java.util.concurrent.ThreadPoolExecutor$Worker.run(ThreadPoolExecutor.java:635)
at java.base/java.lang.Thread.run(Thread.java:833)
... Removed 21 stack frames]]>
    </failure>
  </testcase> <!-- loginErrorValidation -->
</testsuite> <!-- Error Validation Test -->
