<?xml version="1.0" encoding="UTF-8"?>
<!-- Generated by org.testng.reporters.JUnitXMLReporter -->
<testsuite ignored="0" hostname="LAPTOP-TJSOCBU4" failures="1" tests="3" name="Error Validation Test" time="41.635" errors="0" timestamp="2024-11-02T11:34:17 IST">
  <testcase classname="Automation.tests.ErrorValidationsTest" name="ProductErrorValidation" time="14.007"/>
  <testcase classname="Automation.tests.ErrorValidationsTest" name="loginErrorValidation" time="0.558">
    <skipped/>
  </testcase> <!-- loginErrorValidation -->
  <testcase classname="Automation.tests.ErrorValidationsTest" name="loginErrorValidation" time="0.362">
    <failure type="java.lang.AssertionError" message="expected [Incorrect email or password.] but found [Incorrect email  password.]">
      <![CDATA[java.lang.AssertionError: expected [Incorrect email or password.] but found [Incorrect email  password.]
at Automation.tests.ErrorValidationsTest.loginErrorValidation(ErrorValidationsTest.java:34)
at java.base/java.util.ArrayList.forEach(ArrayList.java:1596)
at java.base/java.util.concurrent.FutureTask.run(FutureTask.java:317)
at java.base/java.util.concurrent.ThreadPoolExecutor.runWorker(ThreadPoolExecutor.java:1144)
at java.base/java.util.concurrent.ThreadPoolExecutor$Worker.run(ThreadPoolExecutor.java:642)
at java.base/java.lang.Thread.run(Thread.java:1583)
... Removed 21 stack frames]]>
    </failure>
  </testcase> <!-- loginErrorValidation -->
</testsuite> <!-- Error Validation Test -->
